<html>
<body>
<pre>
<h1>µVision Build Log</h1>
<h2>Tool Versions:</h2>
IDE-Version: µVision V5.16a
Copyright (C) 2015 ARM Ltd and ARM Germany GmbH. All rights reserved.
License Information: Budi Ryan, HKUST, LIC=KRMKP-M1WFP-0N5AM-XE8XD-E2BWY-06LVZ
 
Tool Versions:
Toolchain:       MDK-ARM Standard  Version: 5.16a
Toolchain Path:  C:\Keil_v5\ARM\ARMCC\Bin
C Compiler:      Armcc.exe V5.06 (build 20)
Assembler:       Armasm.exe V5.06 (build 20)
Linker/Locator:  ArmLink.exe V5.06 (build 20)
Library Manager: ArmAr.exe V5.06 (build 20)
Hex Converter:   FromElf.exe V5.06 (build 20)
CPU DLL:         SARMCM3.DLL V5.16a
Dialog DLL:      DCM.DLL V1.13.2.0
Target DLL:      STLink\ST-LINKIII-KEIL_SWO.dll V2.0.17.0
Dialog DLL:      TCM.DLL V1.14.5.0
 
<h2>Project:</h2>
C:\Users\BudiRyan\Documents\GitHub\robocon-2016\hkust-robocon-mb\eco_gen_3\sensor_bar_3.1\develop\Project.uvprojx
Project File Date:  06/01/2016

<h2>Output:</h2>
*** Using Compiler 'V5.06 (build 20)', folder: 'C:\Keil_v5\ARM\ARMCC\Bin'
Build target 'SensorBarV3.0'
compiling battery.c...
compiling can_protocol.c...
compiling main.c...
compiling crc.c...
compiling can.c...
compiling led.c...
compiling approx_math.c...
compiling lightSensor.c...
src\user\lightSensor.c(272): error:  #20: identifier "calibratedSaturationAverage" is undefined
              if(now.s[i] >= (calibratedSaturationAverage[currentZone] - (u8)SATOFFSET)){
src\user\lightSensor.c(281): error:  #20: identifier "calibratedHueAverage" is undefined
          diff = Abs(calibratedHueAverage[i] - hueAverage);
src\user\lightSensor.c(290): error:  #20: identifier "calibratedSaturationAverage" is undefined
          if(now.s[i] >= (calibratedSaturationAverage[currentZone] - (u8)SATOFFSET))
src\user\lightSensor.c(326): error:  #20: identifier "calibratedHueAverage" is undefined
          for(u8 i = 0; i < 5 ; i++)printf("hue%d:%d\n",i,calibratedHueAverage[i]);
src\user\lightSensor.c(328): error:  #20: identifier "calibratedSaturationAverage" is undefined
          for(u8 i = 0; i < 5 ; i++)printf("sat%d:%d\n",i,calibratedSaturationAverage[i]);
src\user\lightSensor.c(330): error:  #20: identifier "calibratedValueAverage" is undefined
          for(u8 i = 0; i < 5 ; i++)printf("value%d:%d\n",i,calibratedValueAverage[i]);
src\user\lightSensor.c: 0 warnings, 6 errors
compiling flashMem.c...
src\user\flashMem.c(38): error:  #20: identifier "calibratedHueAverage" is undefined
          FLASH_ProgramHalfWord(currentAddress,calibratedHueAverage[i]);
src\user\flashMem.c(43): error:  #20: identifier "calibratedSaturationAverage" is undefined
          FLASH_ProgramHalfWord(currentAddress,calibratedSaturationAverage[i]);
src\user\flashMem.c(48): error:  #20: identifier "calibratedValueAverage" is undefined
          FLASH_ProgramHalfWord(currentAddress,calibratedValueAverage[i]);
src\user\flashMem.c(75): error:  #20: identifier "calibratedHueAverage" is undefined
          calibratedHueAverage[i] = *(uint16_t *)currentAddress;
src\user\flashMem.c(80): error:  #20: identifier "calibratedSaturationAverage" is undefined
          calibratedSaturationAverage[i] = *(uint16_t *)currentAddress;
src\user\flashMem.c(85): error:  #20: identifier "calibratedValueAverage" is undefined
          calibratedValueAverage[i] = *(uint16_t *)currentAddress;
src\user\flashMem.c: 0 warnings, 6 errors
compiling uart.c...
compiling ticks.c...
compiling delay.c...
compiling core_cm3.c...
compiling misc.c...
compiling stm32f10x_adc.c...
compiling stm32f10x_bkp.c...
compiling stm32f10x_can.c...
compiling stm32f10x_cec.c...
compiling stm32f10x_crc.c...
compiling stm32f10x_dac.c...
compiling stm32f10x_dbgmcu.c...
compiling stm32f10x_dma.c...
compiling stm32f10x_exti.c...
compiling stm32f10x_flash.c...
compiling stm32f10x_fsmc.c...
compiling stm32f10x_gpio.c...
compiling stm32f10x_i2c.c...
compiling stm32f10x_iwdg.c...
compiling stm32f10x_pwr.c...
compiling stm32f10x_rtc.c...
compiling stm32f10x_rcc.c...
compiling stm32f10x_sdio.c...
compiling stm32f10x_spi.c...
compiling stm32f10x_usart.c...
compiling stm32f10x_tim.c...
compiling stm32f10x_wwdg.c...
assembling startup_stm32f10x_xl.s...
compiling system_stm32f10x.c...
".\output\stm32_template.axf" - 12 Error(s), 0 Warning(s).

<h2>Collection of Component include folders:</h2>
  C:\Users\BudiRyan\Documents\GitHub\robocon-2016\hkust-robocon-mb\eco_gen_3\sensor_bar_3.1\develop\RTE
  C:\Keil_v5\ARM\PACK\Keil\STM32F1xx_DFP\1.1.0\Device\Include

<h2>Collection of Component Files used:</h2>
Target not created.
Build Time Elapsed:  00:00:08
</pre>
</body>
</html>
