<html>
<body>
<pre>
<h1>µVision Build Log</h1>
<h2>Tool Versions:</h2>
IDE-Version: µVision V5.17.0.0
Copyright (C) 2015 ARM Ltd and ARM Germany GmbH. All rights reserved.
License Information: Kristian Suhartono, HKUST, LIC=TIVAR-K9JL0-M9RGG-V1PIX-ZDPA0-KMKNR
 
Tool Versions:
Toolchain:       MDK-ARM Standard  Version: 5.17
Toolchain Path:  C:\Keil_v5\ARM\ARMCC\Bin
C Compiler:      Armcc.exe V5.06 update 1 (build 61)
Assembler:       Armasm.exe V5.06 update 1 (build 61)
Linker/Locator:  ArmLink.exe V5.06 update 1 (build 61)
Library Manager: ArmAr.exe V5.06 update 1 (build 61)
Hex Converter:   FromElf.exe V5.06 update 1 (build 61)
CPU DLL:         SARMCM3.DLL V5.17
Dialog DLL:      DCM.DLL V1.13.4.0
Target DLL:      UL2CM3.DLL V1.156.1.0
Dialog DLL:      TCM.DLL V1.14.6.0
 
<h2>Project:</h2>
C:\Users\user\Documents\GitHub\roboco-2016\hkust-robocon-mb\stm32f103VF_template\Project.uvprojx
Project File Date:  01/23/2016

<h2>Output:</h2>
*** Using Compiler 'V5.06 update 1 (build 61)', folder: 'C:\Keil_v5\ARM\ARMCC\Bin'
Rebuild target 'stm32_template'
compiling main.c...
src\user\main.c(1): error:  #169: expected a declaration
  <<<<<<< HEAD
C:\Keil_v5\ARM\ARMCC\Bin\..\include\stdio.h(352): error:  #20: identifier "size_t" is undefined
                     int /*mode*/, size_t /*size*/) __attribute__((__nonnull__(1)));
C:\Keil_v5\ARM\ARMCC\Bin\..\include\stdio.h(435): error:  #20: identifier "size_t" is undefined
  extern 
ARMABI int __ARM_snprintf(char * __restrict /*s*/, size_t /*n*/,
C:\Keil_v5\ARM\ARMCC\Bin\..\include\stdio.h(440): error:  #20: identifier "size_t" is undefined
  extern 
ARMABI int snprintf(char * __restrict /*s*/, size_t /*n*/,
C:\Keil_v5\ARM\ARMCC\Bin\..\include\stdio.h(461): error:  #20: identifier "size_t" is undefined
  extern 
ARMABI int _snprintf(char * __restrict /*s*/, size_t /*n*/,
C:\Keil_v5\ARM\ARMCC\Bin\..\include\stdio.h(594): error:  #20: identifier "size_t" is undefined
  extern 
ARMABI int __ARM_vsnprintf(char * __restrict /*s*/, size_t /*n*/,
C:\Keil_v5\ARM\ARMCC\Bin\..\include\stdio.h(597): error:  #20: identifier "size_t" is undefined
  extern 
ARMABI int vsnprintf(char * __restrict /*s*/, size_t /*n*/,
C:\Keil_v5\ARM\ARMCC\Bin\..\include\stdio.h(623): error:  #20: identifier "size_t" is undefined
  extern 
ARMABI int _vsnprintf(char * __restrict /*s*/, size_t /*n*/,
C:\Keil_v5\ARM\ARMCC\Bin\..\include\stdio.h(778): error:  #20: identifier "size_t" is undefined
  extern 
ARMABI size_t fread(void * __restrict /*ptr*/,
C:\Keil_v5\ARM\ARMCC\Bin\..\include\stdio.h(779): error:  #20: identifier "size_t" is undefined
                      size_t /*size*/, size_t /*nmemb*/, FILE * __restrict /*stream*/) __attribute__((__nonnull__(1,4)));
C:\Keil_v5\ARM\ARMCC\Bin\..\include\stdio.h(779): error:  #20: identifier "size_t" is undefined
                      size_t /*size*/, size_t /*nmemb*/, FILE * __restrict /*stream*/) __attribute__((__nonnull__(1,4)));
C:\Keil_v5\ARM\ARMCC\Bin\..\include\stdio.h(794): error:  #20: identifier "size_t" is undefined
  extern 
ARMABI size_t __fread_bytes_avail(void * __restrict /*ptr*/,
C:\Keil_v5\ARM\ARMCC\Bin\..\include\stdio.h(795): error:  #20: identifier "size_t" is undefined
                      size_t /*count*/, FILE * __restrict /*stream*/) __attribute__((__nonnull__(1,3)));
C:\Keil_v5\ARM\ARMCC\Bin\..\include\stdio.h(810): error:  #20: identifier "size_t" is undefined
  extern 
ARMABI size_t fwrite(const void * __restrict /*ptr*/,
C:\Keil_v5\ARM\ARMCC\Bin\..\include\stdio.h(811): error:  #20: identifier "size_t" is undefined
                      size_t /*size*/, size_t /*nmemb*/, FILE * __restrict /*stream*/) __attribute__((__nonnull__(1,4)));
C:\Keil_v5\ARM\ARMCC\Bin\..\include\stdio.h(811): error:  #20: identifier "size_t" is undefined
                      size_t /*size*/, size_t /*nmemb*/, FILE * __restrict /*stream*/) __attribute__((__nonnull__(1,4)));
.\src\ustrobo_min_system\inc\battery.h(57): error:  #169: expected a declaration
  >>>>>>> 21fb6016ab8b7430bde8ddb725a254d7fc5f5776
.\src\ustrobo_min_system\inc\delay.h(6): warning:  #12-D: parsing restarts here after previous syntax error
  void _delay_us(u32 nus);
.\src\user\main.h(1): error:  #169: expected a declaration
  <<<<<<< HEAD
.\src\ustrobo_min_system\inc\system.h(13): warning:  #12-D: parsing restarts here after previous syntax error
  void menu_start(char title[50], u16 cnt);
.\src\ustrobo_min_system\inc\xbc_mb.h(1): error:  #169: expected a declaration
  <<<<<<< HEAD
.\src\ustrobo_min_system\inc\xbc_mb.h(19): warning:  #12-D: parsing restarts here after previous syntax error
  } XBC_JOY;
.\src\ustrobo_min_system\inc\xbc_mb.h(56): error:  #20: identifier "XBC_JOY" is undefined
  s16 xbc_get_joy_raw(XBC_JOY j);
.\src\ustrobo_min_system\inc\xbc_mb.h(57): error:  #20: identifier "XBC_JOY" is undefined
  s16 xbc_get_joy(XBC_JOY j);
.\src\ustrobo_min_system\inc\xbc_mb.h(60): error:  #169: expected a declaration
  =======
src\user\button.h(8): warning:  #12-D: parsing restarts here after previous syntax error
  void button_init(void);
.\src\ustrobo_min_system\inc\gyro.h(36): error:  #169: expected a declaration
  <<<<<<< HEAD
.\src\ustrobo_min_system\inc\gyro.h(41): warning:  #47-D: incompatible redefinition of macro "X_FLIP" (declared at line 37)
  #define	X_FLIP						(ROBOT == 'C' ? 1 : -1)   /*** 1 or -1 **/
.\src\ustrobo_min_system\inc\gyro.h(42): warning:  #47-D: incompatible redefinition of macro "Y_FLIP" (declared at line 38)
  #define	Y_FLIP						(ROBOT == 'C' ? 1: -1)   /*** 1 or -1 **/
.\src\ustrobo_min_system\inc\gyro.h(49): warning:  #12-D: parsing restarts here after previous syntax error
  extern volatile u8 gyro_available;
.\src\ustrobo_min_system\inc\gyro.h(68): warning:  #1-D: last line of file ends without a newline
  #endif		/* __GYRO_H */
src\user\pid.h(9): warning:  #1-D: last line of file ends without a newline
  void updatePid(PID *pid, int32_t error);
src\user\position.h(22): warning:  #1295-D: Deprecated declaration pursueTarget - give arg types
  void pursueTarget();
src\user\position.h(24): warning:  #1295-D: Deprecated declaration lockAllMotors - give arg types
  void lockAllMotors();
src\user\position.h(26): warning:  #1-D: last line of file ends without a newline
  void setTargetLocation(int x, int y);
src\user\main.h(43): error:  #169: expected a declaration
  =======
src\user\main.c(104): error:  #169: expected a declaration
  =======
src\user\main.c(116): warning: At end of source:  #12-D: parsing restarts here after previous syntax error
src\user\main.c: 13 warnings, 25 errors
compiling can.c...
compiling can_protocol.c...
compiling can_motor.c...
compiling crc.c...
compiling bluetooth.c...
compiling battery.c...
.\src\ustrobo_min_system\inc\battery.h(57): error:  #169: expected a declaration
  >>>>>>> 21fb6016ab8b7430bde8ddb725a254d7fc5f5776
src\ustrobo_min_system\src\battery.c(26): warning:  #12-D: parsing restarts here after previous syntax error
  static u16 adc_value = 0;
src\ustrobo_min_system\src\battery.c(27): error:  #20: identifier "u16" is undefined
  static u16 battery_values[BATTERY_VALUE_COUNT] = {0};
src\ustrobo_min_system\src\battery.c(27): error:  #20: identifier "BATTERY_VALUE_COUNT" is undefined
  static u16 battery_values[BATTERY_VALUE_COUNT] = {0};
src\ustrobo_min_system\src\battery.c(28): error:  #20: identifier "u16" is undefined
  static u16 battery_value_taken = 0;
src\ustrobo_min_system\src\battery.c(29): error:  #20: identifier "u16" is undefined
  static u16 battery_value_id = 0;
src\ustrobo_min_system\src\battery.c(38): error:  #20: identifier "GPIO_InitTypeDef" is undefined
  	GPIO_InitTypeDef GPIO_InitStructure;	
src\ustrobo_min_system\src\battery.c(39): warning:  #223-D: function "RCC_APB2PeriphClockCmd" declared implicitly
    RCC_APB2PeriphClockCmd(RCC_APB2Periph_GPIOC, ENABLE); 
src\ustrobo_min_system\src\battery.c(39): error:  #20: identifier "RCC_APB2Periph_GPIOC" is undefined
    RCC_APB2PeriphClockCmd(RCC_APB2Periph_GPIOC, ENABLE); 
src\ustrobo_min_system\src\battery.c(39): error:  #20: identifier "ENABLE" is undefined
    RCC_APB2PeriphClockCmd(RCC_APB2Periph_GPIOC, ENABLE); 
src\ustrobo_min_system\src\battery.c(40): error:  #20: identifier "GPIO_Mode_AIN" is undefined
  	GPIO_InitStructure.GPIO_Mode = GPIO_Mode_AIN;			   
src\ustrobo_min_system\src\battery.c(41): error:  #20: identifier "GPIO_Speed_2MHz" is undefined
    GPIO_InitStructure.GPIO_Speed = GPIO_Speed_2MHz;
src\ustrobo_min_system\src\battery.c(42): error:  #20: identifier "GPIO_Pin_0" is undefined
  	GPIO_InitStructure.GPIO_Pin = GPIO_Pin_0; 
src\ustrobo_min_system\src\battery.c(43): warning:  #223-D: function "GPIO_Init" declared implicitly
  	GPIO_Init(GPIOC, &GPIO_InitStructure);
src\ustrobo_min_system\src\battery.c(43): error:  #20: identifier "GPIOC" is undefined
  	GPIO_Init(GPIOC, &GPIO_InitStructure);
src\ustrobo_min_system\src\battery.c(54): error:  #20: identifier "adc_value" is undefined
  	adc_value = 0;
src\ustrobo_min_system\src\battery.c(56): error:  #20: identifier "ADC_InitTypeDef" is undefined
  	ADC_InitTypeDef ADC_InitStructure;					 
src\ustrobo_min_system\src\battery.c(57): warning:  #223-D: function "RCC_APB2PeriphClockCmd" declared implicitly
  	RCC_APB2PeriphClockCmd(RCC_APB2Periph_ADC1, ENABLE);
src\ustrobo_min_system\src\battery.c(57): error:  #20: identifier "RCC_APB2Periph_ADC1" is undefined
  	RCC_APB2PeriphClockCmd(RCC_APB2Periph_ADC1, ENABLE);
src\ustrobo_min_system\src\battery.c(57): error:  #20: identifier "ENABLE" is undefined
  	RCC_APB2PeriphClockCmd(RCC_APB2Periph_ADC1, ENABLE);
src\ustrobo_min_system\src\battery.c(59): error:  #20: identifier "ADC_Mode_Independent" is undefined
  	ADC_InitStructure.ADC_Mode = ADC_Mode_Independent;
src\ustrobo_min_system\src\battery.c(60): error:  #20: identifier "DISABLE" is undefined
  	ADC_InitStructure.ADC_ScanConvMode = DISABLE;
src\ustrobo_min_system\src\battery.c(62): error:  #20: identifier "ADC_ExternalTrigConv_None" is undefined
  	ADC_InitStructure.ADC_ExternalTrigConv = ADC_ExternalTrigConv_None;
src\ustrobo_min_system\src\battery.c(63): error:  #20: identifier "ADC_DataAlign_Right" is undefined
  	ADC_InitStructure.ADC_DataAlign = ADC_DataAlign_Right;
src\ustrobo_min_system\src\battery.c(65): warning:  #223-D: function "ADC_Init" declared implicitly
  	ADC_Init(ADC1, &ADC_InitStructure);
src\ustrobo_min_system\src\battery.c(65): error:  #20: identifier "ADC1" is undefined
  	ADC_Init(ADC1, &ADC_InitStructure);
src\ustrobo_min_system\src\battery.c(66): warning:  #223-D: function "ADC_RegularChannelConfig" declared implicitly
  	ADC_RegularChannelConfig(ADC1, ADC_Channel_10, 1, ADC_SampleTime_239Cycles5);
src\ustrobo_min_system\src\battery.c(66): error:  #20: identifier "ADC_Channel_10" is undefined
  	ADC_RegularChannelConfig(ADC1, ADC_Channel_10, 1, ADC_SampleTime_239Cycles5);
src\ustrobo_min_system\src\battery.c(66): error:  #20: identifier "ADC_SampleTime_239Cycles5" is undefined
  	ADC_RegularChannelConfig(ADC1, ADC_Channel_10, 1, ADC_SampleTime_239Cycles5);
src\ustrobo_min_system\src\battery.c(67): warning:  #223-D: function "ADC_TempSensorVrefintCmd" declared implicitly
  	ADC_TempSensorVrefintCmd(ENABLE);
src\ustrobo_min_system\src\battery.c(68): warning:  #223-D: function "ADC_DMACmd" declared implicitly
  	ADC_DMACmd(ADC1, ENABLE);
src\ustrobo_min_system\src\battery.c(69): warning:  #223-D: function "ADC_Cmd" declared implicitly
  	ADC_Cmd(ADC1, ENABLE);  
src\ustrobo_min_system\src\battery.c(70): warning:  #223-D: function "ADC_ResetCalibration" declared implicitly
  	ADC_ResetCalibration(ADC1);
src\ustrobo_min_system\src\battery.c(71): warning:  #223-D: function "ADC_GetResetCalibrationStatus" declared implicitly
  	while(ADC_GetResetCalibrationStatus(ADC1));
src\ustrobo_min_system\src\battery.c(72): warning:  #223-D: function "ADC_StartCalibration" declared implicitly
  	ADC_StartCalibration(ADC1);
src\ustrobo_min_system\src\battery.c(73): warning:  #223-D: function "ADC_GetCalibrationStatus" declared implicitly
  	while(ADC_GetCalibrationStatus(ADC1));
src\ustrobo_min_system\src\battery.c(74): warning:  #223-D: function "ADC_SoftwareStartConvCmd" declared implicitly
  	ADC_SoftwareStartConvCmd(ADC1, ENABLE);
src\ustrobo_min_system\src\battery.c(80): error:  #20: identifier "adc_value" is undefined
  	adc_value = ADC1->DR;
src\ustrobo_min_system\src\battery.c(80): error:  #20: identifier "ADC1" is undefined
  	adc_value = ADC1->DR;
src\ustrobo_min_system\src\battery.c(82): warning:  #223-D: function "get_voltage" declared implicitly
  	battery_values[battery_value_id] = get_voltage();
src\ustrobo_min_system\src\battery.c(94): error:  #20: identifier "u16" is undefined
  u16 get_battery_adc(void)
src\ustrobo_min_system\src\battery.c(96): error:  #20: identifier "adc_value" is undefined
  	return adc_value;
src\ustrobo_min_system\src\battery.c(104): error:  #20: identifier "u16" is undefined
  u16 get_voltage(void)
src\ustrobo_min_system\src\battery.c(106): error:  #20: identifier "u16" is undefined
  	return (u16)(DVDAx100 * (adc_value - SAMPLE_BATTERY_ADC_1) / 100 + SAMPLE_BATTERY_VOLTAGE_1);
src\ustrobo_min_system\src\battery.c(106): error:  #20: identifier "SAMPLE_BATTERY_VOLTAGE_2" is undefined
  	return (u16)(
VDAx100 * (adc_value - SAMPLE_BATTERY_ADC_1) / 100 + SAMPLE_BATTERY_VOLTAGE_1);
src\ustrobo_min_system\src\battery.c: 15 warnings, 30 errors
compiling approx_math.c...
compiling buzzer.c...
compiling gyro.c...
src\ustrobo_min_system\src\gyro.c(1): error:  #169: expected a declaration
  <<<<<<< HEAD
.\src\stm32f10x_std\inc\stm32f10x.h(472): warning:  #12-D: parsing restarts here after previous syntax error
  } IRQn_Type;
.\src\stm32f10x_std\inc\core_cm3.h(1502): error:  #20: identifier "IRQn_Type" is undefined
  static 
_INLINE void NVIC_EnableIRQ(IRQn_Type IRQn)
.\src\stm32f10x_std\inc\core_cm3.h(1515): error:  #20: identifier "IRQn_Type" is undefined
  static 
_INLINE void NVIC_DisableIRQ(IRQn_Type IRQn)
.\src\stm32f10x_std\inc\core_cm3.h(1529): error:  #20: identifier "IRQn_Type" is undefined
  static 
_INLINE uint32_t NVIC_GetPendingIRQ(IRQn_Type IRQn)
.\src\stm32f10x_std\inc\core_cm3.h(1542): error:  #20: identifier "IRQn_Type" is undefined
  static 
_INLINE void NVIC_SetPendingIRQ(IRQn_Type IRQn)
.\src\stm32f10x_std\inc\core_cm3.h(1555): error:  #20: identifier "IRQn_Type" is undefined
  static 
_INLINE void NVIC_ClearPendingIRQ(IRQn_Type IRQn)
.\src\stm32f10x_std\inc\core_cm3.h(1569): error:  #20: identifier "IRQn_Type" is undefined
  static 
_INLINE uint32_t NVIC_GetActive(IRQn_Type IRQn)
.\src\stm32f10x_std\inc\core_cm3.h(1586): error:  #20: identifier "IRQn_Type" is undefined
  static 
_INLINE void NVIC_SetPriority(IRQn_Type IRQn, uint32_t priority)
.\src\stm32f10x_std\inc\core_cm3.h(1609): error:  #20: identifier "IRQn_Type" is undefined
  static 
_INLINE uint32_t NVIC_GetPriority(IRQn_Type IRQn)
.\src\stm32f10x_std\inc\core_cm3.h(1699): error:  #20: identifier "SysTick_IRQn" is undefined
    NVIC_SetPriority (SysTick_IRQn, (1<<__NVIC_PRIO_BITS) - 1);  /* set Priority for Cortex-M0 System Interrupts */
.\src\ustrobo_min_system\inc\gyro.h(36): error:  #169: expected a declaration
  <<<<<<< HEAD
.\src\ustrobo_min_system\inc\gyro.h(41): warning:  #47-D: incompatible redefinition of macro "X_FLIP" (declared at line 37)
  #define	X_FLIP						(ROBOT == 'C' ? 1 : -1)   /*** 1 or -1 **/
.\src\ustrobo_min_system\inc\gyro.h(42): warning:  #47-D: incompatible redefinition of macro "Y_FLIP" (declared at line 38)
  #define	Y_FLIP						(ROBOT == 'C' ? 1: -1)   /*** 1 or -1 **/
.\src\ustrobo_min_system\inc\gyro.h(49): warning:  #12-D: parsing restarts here after previous syntax error
  extern volatile u8 gyro_available;
.\src\ustrobo_min_system\inc\gyro.h(68): warning:  #1-D: last line of file ends without a newline
  #endif		/* __GYRO_H */
src\ustrobo_min_system\src\gyro.c(224): error:  #20: identifier "ROBOT" is undefined
                gyro_pos.x = (
_FLIP*x*10000-SHIFT_X*10000+SHIFT_X*int_cos(gyro_pos_raw.angle)+SHIFT_Y*int_sin(gyro_pos_raw.angle))/10000;
src\ustrobo_min_system\src\gyro.c(242): error:  #169: expected a declaration
  =======
src\ustrobo_min_system\src\gyro.c(247): warning:  #12-D: parsing restarts here after previous syntax error
  s32 SHIFT_X = (ROBOT == 'C' ? 31 : -204);
src\ustrobo_min_system\src\gyro.c(248): error:  #148: variable "SHIFT_Y" has already been initialized
  s32 SHIFT_Y = (ROBOT == 'C' ? 980 : 413);
src\ustrobo_min_system\src\gyro.c(248): error:  #20: identifier "ROBOT" is undefined
  s32 SHIFT_Y = (ROBOT == 'C' ? 980 : 413);
src\ustrobo_min_system\src\gyro.c(250): error:  #148: variable "gyro_pos" has already been initialized
  static POSITION gyro_pos = {0, 0, 0};
src\ustrobo_min_system\src\gyro.c(251): error:  #148: variable "gyro_pos_raw" has already been initialized
  static POSITION gyro_pos_raw = {0, 0, 0};
src\ustrobo_min_system\src\gyro.c(252): error:  #148: variable "rx_state" has already been initialized
  static u8 rx_state = 0; 
src\ustrobo_min_system\src\gyro.c(253): error:  #148: variable "rx_command" has already been initialized
  static u8 rx_command = 0;
src\ustrobo_min_system\src\gyro.c(254): error:  #148: variable "buf_rec" has already been initialized
  static u8 buf_rec = 0;
src\ustrobo_min_system\src\gyro.c(255): error:  #148: variable "buf_data" has already been initialized
  static u8 buf_data[10] = {0, 0, 0, 0, 0, 0, 0, 0, 0, 0};
src\ustrobo_min_system\src\gyro.c(257): error:  #148: variable "rx_command_arr" has already been initialized
  static u8 rx_command_arr[
YRO_COMMAND_LENGTH] = {GYRO_UPDATED, GYRO_REPLY};
src\ustrobo_min_system\src\gyro.c(258): error:  #148: variable "buf_len" has already been initialized
  static u8 buf_len[
YRO_COMMAND_LENGTH] = {0x06, 0x01};		//data size, for confirm data
src\ustrobo_min_system\src\gyro.c(260): error:  #148: variable "reply_flag" has already been initialized
  volatile u8 reply_flag = 0;
src\ustrobo_min_system\src\gyro.c(262): error:  #148: variable "gyro_available" has already been initialized
  volatile u8 gyro_available = 0;
src\ustrobo_min_system\src\gyro.c(265): error:  #247: function "plus_x" has already been defined
  void plus_x(void)
src\ustrobo_min_system\src\gyro.c(269): error:  #247: function "minus_x" has already been defined
  void minus_x(void)
src\ustrobo_min_system\src\gyro.c(273): error:  #247: function "plus_y" has already been defined
  void plus_y(void)
src\ustrobo_min_system\src\gyro.c(277): error:  #247: function "minus_y" has already been defined
  void minus_y(void)
src\ustrobo_min_system\src\gyro.c(282): error:  #247: function "gyro_get_shift_x" has already been defined
  s32 gyro_get_shift_x(void)
src\ustrobo_min_system\src\gyro.c: 6 warnings, 30 errors
compiling lcd_red.c...
compiling delay.c...
compiling motor_pwm.c...
compiling servo.c...
compiling ticks.c...
compiling xbc_mb.c...
src\ustrobo_min_system\src\xbc_mb.c(2): error:  #169: expected a declaration
  <<<<<<< HEAD
src\ustrobo_min_system\src\xbc_mb.c(121): warning: At end of source:  #12-D: parsing restarts here after previous syntax error
src\ustrobo_min_system\src\xbc_mb.c: 1 warning, 1 error
compiling uart.c...
compiling led.c...
compiling gpio.c...
compiling encoder.c...
compiling position.c...
src\user\pid.h(9): warning:  #1-D: last line of file ends without a newline
  void updatePid(PID *pid, int32_t error);
.\src\ustrobo_min_system\inc\gyro.h(36): error:  #169: expected a declaration
  <<<<<<< HEAD
.\src\ustrobo_min_system\inc\gyro.h(41): warning:  #47-D: incompatible redefinition of macro "X_FLIP" (declared at line 37)
  #define	X_FLIP						(ROBOT == 'C' ? 1 : -1)   /*** 1 or -1 **/
.\src\ustrobo_min_system\inc\gyro.h(42): warning:  #47-D: incompatible redefinition of macro "Y_FLIP" (declared at line 38)
  #define	Y_FLIP						(ROBOT == 'C' ? 1: -1)   /*** 1 or -1 **/
.\src\ustrobo_min_system\inc\gyro.h(49): warning:  #12-D: parsing restarts here after previous syntax error
  extern volatile u8 gyro_available;
.\src\ustrobo_min_system\inc\gyro.h(68): warning:  #1-D: last line of file ends without a newline
  #endif		/* __GYRO_H */
src\user\position.h(22): warning:  #1295-D: Deprecated declaration pursueTarget - give arg types
  void pursueTarget();
src\user\position.h(24): warning:  #1295-D: Deprecated declaration lockAllMotors - give arg types
  void lockAllMotors();
src\user\position.h(26): warning:  #1-D: last line of file ends without a newline
  void setTargetLocation(int x, int y);
src\user\position.c(33): warning:  #188-D: enumerated type mixed with another type
  	motor_set_vel(MOTOR1, velocities[0], flag);
src\user\position.c(34): warning:  #188-D: enumerated type mixed with another type
  	motor_set_vel(MOTOR2, velocities[1], flag);
src\user\position.c(35): warning:  #188-D: enumerated type mixed with another type
  	motor_set_vel(MOTOR3, velocities[2], flag);
src\user\position.c(120): warning:  #1-D: last line of file ends without a newline
  }
src\user\position.c: 12 warnings, 1 error
compiling pid.c...
src\user\pid.h(9): warning:  #1-D: last line of file ends without a newline
  void updatePid(PID *pid, int32_t error);
src\user\pid.c(19): warning:  #1-D: last line of file ends without a newline
  }
src\user\pid.c: 2 warnings, 0 errors
compiling core_cm3.c...
compiling misc.c...
compiling stm32f10x_bkp.c...
compiling stm32f10x_adc.c...
compiling stm32f10x_can.c...
compiling stm32f10x_crc.c...
compiling stm32f10x_cec.c...
compiling stm32f10x_dbgmcu.c...
compiling stm32f10x_dac.c...
compiling stm32f10x_dma.c...
compiling stm32f10x_exti.c...
compiling stm32f10x_fsmc.c...
compiling stm32f10x_flash.c...
compiling stm32f10x_gpio.c...
compiling stm32f10x_iwdg.c...
compiling stm32f10x_i2c.c...
compiling stm32f10x_pwr.c...
compiling stm32f10x_rcc.c...
compiling stm32f10x_rtc.c...
compiling stm32f10x_spi.c...
compiling stm32f10x_sdio.c...
compiling stm32f10x_wwdg.c...
compiling stm32f10x_tim.c...
compiling stm32f10x_usart.c...
compiling system_stm32f10x.c...
assembling startup_stm32f10x_xl.s...
".\output\stm32_template.axf" - 87 Error(s), 49 Warning(s).

<h2>Collection of Component include folders:</h2>
  C:\Users\user\Documents\GitHub\roboco-2016\hkust-robocon-mb\stm32f103VF_template\RTE
  C:\Keil_v5\ARM\PACK\Keil\STM32F1xx_DFP\2.0.0\Device\Include

<h2>Collection of Component Files used:</h2>
Target not created.
Build Time Elapsed:  00:00:58
</pre>
</body>
</html>
